-------------------------------------------------------------------------------
Test set: boundary.sortByDiseaseTypeTest
-------------------------------------------------------------------------------
Tests run: 1, Failures: 0, Errors: 1, Skipped: 0, Time elapsed: 0.141 sec <<< FAILURE! - in boundary.sortByDiseaseTypeTest
testCompare(boundary.sortByDiseaseTypeTest)  Time elapsed: 0.016 sec  <<< ERROR!
java.lang.NullPointerException
	at boundary.sortByDiseaseTypeTest.testCompare(sortByDiseaseTypeTest.java:51)

