-------------------------------------------------------------------------------
Test set: Consult.sortByDiseaseTypeTest
-------------------------------------------------------------------------------
Tests run: 1, Failures: 0, Errors: 1, Skipped: 0, Time elapsed: 0 sec <<< FAILURE! - in Consult.sortByDiseaseTypeTest
testCompare(Consult.sortByDiseaseTypeTest)  Time elapsed: 0 sec  <<< ERROR!
java.lang.NullPointerException
	at Consult.sortByDiseaseTypeTest.testCompare(sortByDiseaseTypeTest.java:51)

